<?xml version="1.0" encoding="utf-8"?><testsuites name="pytest tests"><testsuite name="pytest" errors="0" failures="1" skipped="0" tests="17" time="17.395" timestamp="2026-08-16T01:11:28.987568+00:00" hostname="agent-env-13aa2212-8cb3-4980-8b81-7d3517c1adf3"><testcase classname="tests.backend_test.TestCatalog" name="test_catalog_default" time="0.271" /><testcase classname="tests.backend_test.TestLibraryCRUD" name="test_library_list_initial" time="0.269" /><testcase classname="tests.backend_test.TestLibraryCRUD" name="test_confirm_manual_book" time="0.058" /><testcase classname="tests.backend_test.TestCatalog" name="test_fuzzy_hobbit" time="0.059" /><testcase classname="tests.backend_test.TestLibraryCRUD" name="test_library_contains_created" time="0.045" /><testcase classname="tests.backend_test.TestCatalog" name="test_fuzzy_philosopher_stone" time="0.055" /><testcase classname="tests.backend_test.TestLibraryCRUD" name="test_get_single_book" time="0.088" /><testcase classname="tests.backend_test.TestCatalog" name="test_fuzzy_children_of_dune" time="0.044"><failure message="AssertionError: Expected 'Children of Dune' as top, got: dune&#10;assert 'children of dune' in 'dune'">backend/tests/backend_test.py:71: in test_fuzzy_children_of_dune
    assert "children of dune" in top, f"Expected 'Children of Dune' as top, got: {top}"
E   AssertionError: Expected 'Children of Dune' as top, got: dune
E   assert 'children of dune' in 'dune'</failure></testcase><testcase classname="tests.backend_test.TestCatalog" name="test_fuzzy_tolkien_author" time="0.046" /><testcase classname="tests.backend_test.TestLibraryCRUD" name="test_confirm_with_catalog_id" time="0.231" /><testcase classname="tests.backend_test.TestScan" name="test_scan_empty_upload" time="0.084" /><testcase classname="tests.backend_test.TestScan" name="test_scan_missing_file_field" time="0.046" /><testcase classname="tests.backend_test.TestScan" name="test_scan_bad_image_bytes" time="0.046" /><testcase classname="tests.backend_test.TestScan" name="test_scan_synthetic_shelf" time="16.312" /><testcase classname="tests.backend_test.TestLibraryCRUD" name="test_delete_book" time="0.169" /><testcase classname="tests.backend_test.TestLibraryCRUD" name="test_get_nonexistent_book" time="0.045" /><testcase classname="tests.backend_test.TestHealth" name="test_root_health" time="0.048" /></testsuite></testsuites>